2025-07-29 19:45:19 | athalia.correction | INFO | CORRECTION | /var/folders/7j/xgp8mds53ms6blyzf8g4173m0000gn/T/tmphhqm2feh/test_file.py | optimized_multi_pass | False | 0.00s
2025-07-29 19:45:19 | athalia.correction | WARNING | CORRECTION_FAILED | /var/folders/7j/xgp8mds53ms6blyzf8g4173m0000gn/T/tmphhqm2feh/test_file.py | optimized_multi_pass
2025-07-29 19:45:19 | athalia.correction | INFO | CORRECTION | /var/folders/7j/xgp8mds53ms6blyzf8g4173m0000gn/T/tmpylqvaytu/invalid_file.py | optimized_multi_pass | False | 0.00s
2025-07-29 19:45:19 | athalia.correction | WARNING | CORRECTION_FAILED | /var/folders/7j/xgp8mds53ms6blyzf8g4173m0000gn/T/tmpylqvaytu/invalid_file.py | optimized_multi_pass
2025-07-29 19:45:19 | athalia.correction | INFO | CORRECTION | /var/folders/7j/xgp8mds53ms6blyzf8g4173m0000gn/T/tmp5se89k8b/test_file.py | optimized_multi_pass | True | 0.00s
2025-07-29 19:45:19 | athalia.correction | INFO | CORRECTION | /var/folders/7j/xgp8mds53ms6blyzf8g4173m0000gn/T/tmp12soh5jt/test_file.py | optimized_multi_pass | True | 0.00s
2025-07-29 19:45:19 | athalia.correction | INFO | CORRECTION | /var/folders/7j/xgp8mds53ms6blyzf8g4173m0000gn/T/tmpw373bb9j/test_file.py | optimized_multi_pass | True | 0.00s
2025-07-29 19:45:19 | athalia.correction | INFO | CORRECTION | /var/folders/7j/xgp8mds53ms6blyzf8g4173m0000gn/T/tmpbqudzymm/valid_file.py | optimized_multi_pass | False | 0.00s
2025-07-29 19:45:19 | athalia.correction | WARNING | CORRECTION_FAILED | /var/folders/7j/xgp8mds53ms6blyzf8g4173m0000gn/T/tmpbqudzymm/valid_file.py | optimized_multi_pass
2025-07-29 19:45:19 | athalia.correction | INFO | CORRECTION | /var/folders/7j/xgp8mds53ms6blyzf8g4173m0000gn/T/tmpbqudzymm/invalid_file.py | optimized_multi_pass | False | 0.00s
2025-07-29 19:45:19 | athalia.correction | WARNING | CORRECTION_FAILED | /var/folders/7j/xgp8mds53ms6blyzf8g4173m0000gn/T/tmpbqudzymm/invalid_file.py | optimized_multi_pass
2025-07-29 19:45:19 | athalia.correction | INFO | CORRECTION | /var/folders/7j/xgp8mds53ms6blyzf8g4173m0000gn/T/tmp7xs7urkq/test_file.py | optimized_multi_pass | True | 0.00s
2025-07-29 19:45:40 | athalia.correction | INFO | CORRECTION | /var/folders/7j/xgp8mds53ms6blyzf8g4173m0000gn/T/tmp5tg14t_6/test_file.py | optimized_multi_pass | False | 0.00s
2025-07-29 19:45:40 | athalia.correction | WARNING | CORRECTION_FAILED | /var/folders/7j/xgp8mds53ms6blyzf8g4173m0000gn/T/tmp5tg14t_6/test_file.py | optimized_multi_pass
2025-07-29 19:45:40 | athalia.correction | INFO | CORRECTION | /var/folders/7j/xgp8mds53ms6blyzf8g4173m0000gn/T/tmpo4_3bn46/invalid_file.py | optimized_multi_pass | False | 0.00s
2025-07-29 19:45:40 | athalia.correction | WARNING | CORRECTION_FAILED | /var/folders/7j/xgp8mds53ms6blyzf8g4173m0000gn/T/tmpo4_3bn46/invalid_file.py | optimized_multi_pass
2025-07-29 19:45:40 | athalia.correction | INFO | CORRECTION | /var/folders/7j/xgp8mds53ms6blyzf8g4173m0000gn/T/tmpygtdofy6/test_file.py | optimized_multi_pass | True | 0.00s
2025-07-29 19:45:40 | athalia.correction | INFO | CORRECTION | /var/folders/7j/xgp8mds53ms6blyzf8g4173m0000gn/T/tmptgh5k4_7/test_file.py | optimized_multi_pass | True | 0.00s
2025-07-29 19:45:40 | athalia.correction | INFO | CORRECTION | /var/folders/7j/xgp8mds53ms6blyzf8g4173m0000gn/T/tmpf7jdx7k2/test_file.py | optimized_multi_pass | True | 0.00s
2025-07-29 19:45:40 | athalia.correction | INFO | CORRECTION | /var/folders/7j/xgp8mds53ms6blyzf8g4173m0000gn/T/tmppapq1_jc/valid_file.py | optimized_multi_pass | False | 0.00s
2025-07-29 19:45:40 | athalia.correction | WARNING | CORRECTION_FAILED | /var/folders/7j/xgp8mds53ms6blyzf8g4173m0000gn/T/tmppapq1_jc/valid_file.py | optimized_multi_pass
2025-07-29 19:45:40 | athalia.correction | INFO | CORRECTION | /var/folders/7j/xgp8mds53ms6blyzf8g4173m0000gn/T/tmppapq1_jc/invalid_file.py | optimized_multi_pass | False | 0.00s
2025-07-29 19:45:40 | athalia.correction | WARNING | CORRECTION_FAILED | /var/folders/7j/xgp8mds53ms6blyzf8g4173m0000gn/T/tmppapq1_jc/invalid_file.py | optimized_multi_pass
2025-07-29 19:45:40 | athalia.correction | INFO | CORRECTION | /var/folders/7j/xgp8mds53ms6blyzf8g4173m0000gn/T/tmp7kcp26w9/test_file.py | optimized_multi_pass | True | 0.00s
2025-07-29 19:45:40 | athalia.correction | INFO | CORRECTION | /var/folders/7j/xgp8mds53ms6blyzf8g4173m0000gn/T/tmp0w6147hg/complex_file.py | optimized_multi_pass | False | 0.00s
2025-07-29 19:45:40 | athalia.correction | WARNING | CORRECTION_FAILED | /var/folders/7j/xgp8mds53ms6blyzf8g4173m0000gn/T/tmp0w6147hg/complex_file.py | optimized_multi_pass
2025-07-29 19:45:40 | athalia.correction | INFO | CORRECTION | /var/folders/7j/xgp8mds53ms6blyzf8g4173m0000gn/T/tmpu14chfew/invalid_file.py | optimized_multi_pass | False | 0.00s
2025-07-29 19:45:40 | athalia.correction | WARNING | CORRECTION_FAILED | /var/folders/7j/xgp8mds53ms6blyzf8g4173m0000gn/T/tmpu14chfew/invalid_file.py | optimized_multi_pass
2025-07-29 19:45:40 | athalia.correction | INFO | CORRECTION | /invalid/path | optimized_multi_pass | False | 0.00s
2025-07-29 19:45:40 | athalia.correction | WARNING | CORRECTION_FAILED | /invalid/path | optimized_multi_pass
2025-07-29 19:52:15 | athalia.correction | INFO | CORRECTION | /var/folders/7j/xgp8mds53ms6blyzf8g4173m0000gn/T/tmpd857zr7d/test_file.py | optimized_multi_pass | False | 0.00s
2025-07-29 19:52:15 | athalia.correction | WARNING | CORRECTION_FAILED | /var/folders/7j/xgp8mds53ms6blyzf8g4173m0000gn/T/tmpd857zr7d/test_file.py | optimized_multi_pass
2025-07-29 19:52:15 | athalia.correction | INFO | CORRECTION | /var/folders/7j/xgp8mds53ms6blyzf8g4173m0000gn/T/tmpwc047tfq/invalid_file.py | optimized_multi_pass | False | 0.00s
2025-07-29 19:52:15 | athalia.correction | WARNING | CORRECTION_FAILED | /var/folders/7j/xgp8mds53ms6blyzf8g4173m0000gn/T/tmpwc047tfq/invalid_file.py | optimized_multi_pass
2025-07-29 19:52:15 | athalia.correction | INFO | CORRECTION | /var/folders/7j/xgp8mds53ms6blyzf8g4173m0000gn/T/tmpuwh7fdp2/test_file.py | optimized_multi_pass | True | 0.00s
2025-07-29 19:52:15 | athalia.correction | INFO | CORRECTION | /var/folders/7j/xgp8mds53ms6blyzf8g4173m0000gn/T/tmpd8nfhpo4/test_file.py | optimized_multi_pass | True | 0.00s
2025-07-29 19:52:15 | athalia.correction | INFO | CORRECTION | /var/folders/7j/xgp8mds53ms6blyzf8g4173m0000gn/T/tmplt1c4wua/test_file.py | optimized_multi_pass | True | 0.00s
2025-07-29 19:52:15 | athalia.correction | INFO | CORRECTION | /var/folders/7j/xgp8mds53ms6blyzf8g4173m0000gn/T/tmpx452dg8y/valid_file.py | optimized_multi_pass | False | 0.00s
2025-07-29 19:52:15 | athalia.correction | WARNING | CORRECTION_FAILED | /var/folders/7j/xgp8mds53ms6blyzf8g4173m0000gn/T/tmpx452dg8y/valid_file.py | optimized_multi_pass
2025-07-29 19:52:15 | athalia.correction | INFO | CORRECTION | /var/folders/7j/xgp8mds53ms6blyzf8g4173m0000gn/T/tmpx452dg8y/invalid_file.py | optimized_multi_pass | False | 0.00s
2025-07-29 19:52:15 | athalia.correction | WARNING | CORRECTION_FAILED | /var/folders/7j/xgp8mds53ms6blyzf8g4173m0000gn/T/tmpx452dg8y/invalid_file.py | optimized_multi_pass
2025-07-29 19:52:15 | athalia.correction | INFO | CORRECTION | /var/folders/7j/xgp8mds53ms6blyzf8g4173m0000gn/T/tmpkvpivm_i/test_file.py | optimized_multi_pass | True | 0.00s
2025-07-29 19:52:15 | athalia.correction | INFO | CORRECTION | /var/folders/7j/xgp8mds53ms6blyzf8g4173m0000gn/T/tmpzbj1yd4u/complex_file.py | optimized_multi_pass | False | 0.00s
2025-07-29 19:52:15 | athalia.correction | WARNING | CORRECTION_FAILED | /var/folders/7j/xgp8mds53ms6blyzf8g4173m0000gn/T/tmpzbj1yd4u/complex_file.py | optimized_multi_pass
2025-07-29 19:52:15 | athalia.correction | INFO | CORRECTION | /var/folders/7j/xgp8mds53ms6blyzf8g4173m0000gn/T/tmp96z_naz5/invalid_file.py | optimized_multi_pass | False | 0.00s
2025-07-29 19:52:15 | athalia.correction | WARNING | CORRECTION_FAILED | /var/folders/7j/xgp8mds53ms6blyzf8g4173m0000gn/T/tmp96z_naz5/invalid_file.py | optimized_multi_pass
2025-07-29 19:52:15 | athalia.correction | INFO | CORRECTION | /invalid/path | optimized_multi_pass | False | 0.00s
2025-07-29 19:52:15 | athalia.correction | WARNING | CORRECTION_FAILED | /invalid/path | optimized_multi_pass
2025-07-29 19:53:32 | athalia.correction | INFO | CORRECTION | /var/folders/7j/xgp8mds53ms6blyzf8g4173m0000gn/T/tmp0fd27ysj/test_file.py | optimized_multi_pass | False | 0.00s
2025-07-29 19:53:32 | athalia.correction | WARNING | CORRECTION_FAILED | /var/folders/7j/xgp8mds53ms6blyzf8g4173m0000gn/T/tmp0fd27ysj/test_file.py | optimized_multi_pass
2025-07-29 19:53:32 | athalia.correction | INFO | CORRECTION | /var/folders/7j/xgp8mds53ms6blyzf8g4173m0000gn/T/tmp0ygzz2dm/invalid_file.py | optimized_multi_pass | False | 0.00s
2025-07-29 19:53:32 | athalia.correction | WARNING | CORRECTION_FAILED | /var/folders/7j/xgp8mds53ms6blyzf8g4173m0000gn/T/tmp0ygzz2dm/invalid_file.py | optimized_multi_pass
2025-07-29 19:53:32 | athalia.correction | INFO | CORRECTION | /var/folders/7j/xgp8mds53ms6blyzf8g4173m0000gn/T/tmpm7dd7kre/test_file.py | optimized_multi_pass | True | 0.00s
2025-07-29 19:53:32 | athalia.correction | INFO | CORRECTION | /var/folders/7j/xgp8mds53ms6blyzf8g4173m0000gn/T/tmp_medzqr5/test_file.py | optimized_multi_pass | True | 0.00s
2025-07-29 19:53:32 | athalia.correction | INFO | CORRECTION | /var/folders/7j/xgp8mds53ms6blyzf8g4173m0000gn/T/tmpjwio8he3/test_file.py | optimized_multi_pass | True | 0.00s
2025-07-29 19:53:32 | athalia.correction | INFO | CORRECTION | /var/folders/7j/xgp8mds53ms6blyzf8g4173m0000gn/T/tmpu941gn5d/valid_file.py | optimized_multi_pass | False | 0.00s
2025-07-29 19:53:32 | athalia.correction | WARNING | CORRECTION_FAILED | /var/folders/7j/xgp8mds53ms6blyzf8g4173m0000gn/T/tmpu941gn5d/valid_file.py | optimized_multi_pass
2025-07-29 19:53:32 | athalia.correction | INFO | CORRECTION | /var/folders/7j/xgp8mds53ms6blyzf8g4173m0000gn/T/tmpu941gn5d/invalid_file.py | optimized_multi_pass | False | 0.00s
2025-07-29 19:53:32 | athalia.correction | WARNING | CORRECTION_FAILED | /var/folders/7j/xgp8mds53ms6blyzf8g4173m0000gn/T/tmpu941gn5d/invalid_file.py | optimized_multi_pass
2025-07-29 19:53:32 | athalia.correction | INFO | CORRECTION | /var/folders/7j/xgp8mds53ms6blyzf8g4173m0000gn/T/tmpqii88yat/test_file.py | optimized_multi_pass | True | 0.00s
2025-07-29 19:53:32 | athalia.correction | INFO | CORRECTION | /var/folders/7j/xgp8mds53ms6blyzf8g4173m0000gn/T/tmpw7sk962c/complex_file.py | optimized_multi_pass | False | 0.00s
2025-07-29 19:53:32 | athalia.correction | WARNING | CORRECTION_FAILED | /var/folders/7j/xgp8mds53ms6blyzf8g4173m0000gn/T/tmpw7sk962c/complex_file.py | optimized_multi_pass
2025-07-29 19:53:32 | athalia.correction | INFO | CORRECTION | /var/folders/7j/xgp8mds53ms6blyzf8g4173m0000gn/T/tmpkw05cll2/invalid_file.py | optimized_multi_pass | False | 0.00s
2025-07-29 19:53:32 | athalia.correction | WARNING | CORRECTION_FAILED | /var/folders/7j/xgp8mds53ms6blyzf8g4173m0000gn/T/tmpkw05cll2/invalid_file.py | optimized_multi_pass
2025-07-29 19:53:32 | athalia.correction | INFO | CORRECTION | /invalid/path | optimized_multi_pass | False | 0.00s
2025-07-29 19:53:32 | athalia.correction | WARNING | CORRECTION_FAILED | /invalid/path | optimized_multi_pass
2025-07-29 19:53:53 | athalia.correction | INFO | CORRECTION | /var/folders/7j/xgp8mds53ms6blyzf8g4173m0000gn/T/tmppxw_lfep/test_file.py | optimized_multi_pass | False | 0.00s
2025-07-29 19:53:53 | athalia.correction | WARNING | CORRECTION_FAILED | /var/folders/7j/xgp8mds53ms6blyzf8g4173m0000gn/T/tmppxw_lfep/test_file.py | optimized_multi_pass
2025-07-29 19:53:53 | athalia.correction | INFO | CORRECTION | /var/folders/7j/xgp8mds53ms6blyzf8g4173m0000gn/T/tmpp7u7y858/invalid_file.py | optimized_multi_pass | False | 0.00s
2025-07-29 19:53:53 | athalia.correction | WARNING | CORRECTION_FAILED | /var/folders/7j/xgp8mds53ms6blyzf8g4173m0000gn/T/tmpp7u7y858/invalid_file.py | optimized_multi_pass
2025-07-29 19:53:53 | athalia.correction | INFO | CORRECTION | /var/folders/7j/xgp8mds53ms6blyzf8g4173m0000gn/T/tmpcutjkhim/test_file.py | optimized_multi_pass | True | 0.00s
2025-07-29 19:53:53 | athalia.correction | INFO | CORRECTION | /var/folders/7j/xgp8mds53ms6blyzf8g4173m0000gn/T/tmp8o2mdbeh/test_file.py | optimized_multi_pass | True | 0.00s
2025-07-29 19:53:53 | athalia.correction | INFO | CORRECTION | /var/folders/7j/xgp8mds53ms6blyzf8g4173m0000gn/T/tmpcqo57qnn/test_file.py | optimized_multi_pass | True | 0.00s
2025-07-29 19:53:53 | athalia.correction | INFO | CORRECTION | /var/folders/7j/xgp8mds53ms6blyzf8g4173m0000gn/T/tmpblcarbu9/valid_file.py | optimized_multi_pass | False | 0.00s
2025-07-29 19:53:53 | athalia.correction | WARNING | CORRECTION_FAILED | /var/folders/7j/xgp8mds53ms6blyzf8g4173m0000gn/T/tmpblcarbu9/valid_file.py | optimized_multi_pass
2025-07-29 19:53:53 | athalia.correction | INFO | CORRECTION | /var/folders/7j/xgp8mds53ms6blyzf8g4173m0000gn/T/tmpblcarbu9/invalid_file.py | optimized_multi_pass | False | 0.00s
2025-07-29 19:53:53 | athalia.correction | WARNING | CORRECTION_FAILED | /var/folders/7j/xgp8mds53ms6blyzf8g4173m0000gn/T/tmpblcarbu9/invalid_file.py | optimized_multi_pass
2025-07-29 19:53:53 | athalia.correction | INFO | CORRECTION | /var/folders/7j/xgp8mds53ms6blyzf8g4173m0000gn/T/tmp3f3jtdwi/test_file.py | optimized_multi_pass | True | 0.00s
2025-07-29 19:53:53 | athalia.correction | INFO | CORRECTION | /var/folders/7j/xgp8mds53ms6blyzf8g4173m0000gn/T/tmp4vh1slfw/complex_file.py | optimized_multi_pass | False | 0.00s
2025-07-29 19:53:53 | athalia.correction | WARNING | CORRECTION_FAILED | /var/folders/7j/xgp8mds53ms6blyzf8g4173m0000gn/T/tmp4vh1slfw/complex_file.py | optimized_multi_pass
2025-07-29 19:53:53 | athalia.correction | INFO | CORRECTION | /var/folders/7j/xgp8mds53ms6blyzf8g4173m0000gn/T/tmp3r5gg05f/invalid_file.py | optimized_multi_pass | False | 0.00s
2025-07-29 19:53:53 | athalia.correction | WARNING | CORRECTION_FAILED | /var/folders/7j/xgp8mds53ms6blyzf8g4173m0000gn/T/tmp3r5gg05f/invalid_file.py | optimized_multi_pass
2025-07-29 19:53:53 | athalia.correction | INFO | CORRECTION | /invalid/path | optimized_multi_pass | False | 0.00s
2025-07-29 19:53:53 | athalia.correction | WARNING | CORRECTION_FAILED | /invalid/path | optimized_multi_pass
2025-07-29 19:55:10 | athalia.correction | INFO | CORRECTION | /var/folders/7j/xgp8mds53ms6blyzf8g4173m0000gn/T/tmp8i9wg5fz/test_file.py | optimized_multi_pass | False | 0.00s
2025-07-29 19:55:10 | athalia.correction | WARNING | CORRECTION_FAILED | /var/folders/7j/xgp8mds53ms6blyzf8g4173m0000gn/T/tmp8i9wg5fz/test_file.py | optimized_multi_pass
2025-07-29 19:55:10 | athalia.correction | INFO | CORRECTION | /var/folders/7j/xgp8mds53ms6blyzf8g4173m0000gn/T/tmp89wd2wmh/invalid_file.py | optimized_multi_pass | False | 0.00s
2025-07-29 19:55:10 | athalia.correction | WARNING | CORRECTION_FAILED | /var/folders/7j/xgp8mds53ms6blyzf8g4173m0000gn/T/tmp89wd2wmh/invalid_file.py | optimized_multi_pass
2025-07-29 19:55:10 | athalia.correction | INFO | CORRECTION | /var/folders/7j/xgp8mds53ms6blyzf8g4173m0000gn/T/tmpd7l2bgji/test_file.py | optimized_multi_pass | True | 0.00s
2025-07-29 19:55:10 | athalia.correction | INFO | CORRECTION | /var/folders/7j/xgp8mds53ms6blyzf8g4173m0000gn/T/tmpf5gz18ae/test_file.py | optimized_multi_pass | True | 0.00s
2025-07-29 19:55:10 | athalia.correction | INFO | CORRECTION | /var/folders/7j/xgp8mds53ms6blyzf8g4173m0000gn/T/tmp9hf9crki/test_file.py | optimized_multi_pass | True | 0.00s
2025-07-29 19:55:10 | athalia.correction | INFO | CORRECTION | /var/folders/7j/xgp8mds53ms6blyzf8g4173m0000gn/T/tmp30w8tpnk/valid_file.py | optimized_multi_pass | False | 0.00s
2025-07-29 19:55:10 | athalia.correction | WARNING | CORRECTION_FAILED | /var/folders/7j/xgp8mds53ms6blyzf8g4173m0000gn/T/tmp30w8tpnk/valid_file.py | optimized_multi_pass
2025-07-29 19:55:10 | athalia.correction | INFO | CORRECTION | /var/folders/7j/xgp8mds53ms6blyzf8g4173m0000gn/T/tmp30w8tpnk/invalid_file.py | optimized_multi_pass | False | 0.00s
2025-07-29 19:55:10 | athalia.correction | WARNING | CORRECTION_FAILED | /var/folders/7j/xgp8mds53ms6blyzf8g4173m0000gn/T/tmp30w8tpnk/invalid_file.py | optimized_multi_pass
2025-07-29 19:55:10 | athalia.correction | INFO | CORRECTION | /var/folders/7j/xgp8mds53ms6blyzf8g4173m0000gn/T/tmpc6ayxxq_/test_file.py | optimized_multi_pass | True | 0.00s
2025-07-29 19:55:10 | athalia.correction | INFO | CORRECTION | /var/folders/7j/xgp8mds53ms6blyzf8g4173m0000gn/T/tmp3kux8ito/complex_file.py | optimized_multi_pass | False | 0.00s
2025-07-29 19:55:10 | athalia.correction | WARNING | CORRECTION_FAILED | /var/folders/7j/xgp8mds53ms6blyzf8g4173m0000gn/T/tmp3kux8ito/complex_file.py | optimized_multi_pass
2025-07-29 19:55:10 | athalia.correction | INFO | CORRECTION | /var/folders/7j/xgp8mds53ms6blyzf8g4173m0000gn/T/tmpw9uou3tc/invalid_file.py | optimized_multi_pass | False | 0.00s
2025-07-29 19:55:10 | athalia.correction | WARNING | CORRECTION_FAILED | /var/folders/7j/xgp8mds53ms6blyzf8g4173m0000gn/T/tmpw9uou3tc/invalid_file.py | optimized_multi_pass
2025-07-29 19:55:10 | athalia.correction | INFO | CORRECTION | /invalid/path | optimized_multi_pass | False | 0.00s
2025-07-29 19:55:10 | athalia.correction | WARNING | CORRECTION_FAILED | /invalid/path | optimized_multi_pass
2025-07-29 20:45:54 | athalia.correction | INFO | CORRECTION | /var/folders/7j/xgp8mds53ms6blyzf8g4173m0000gn/T/tmpnzi8s68a/test_file.py | optimized_multi_pass | False | 0.00s
2025-07-29 20:45:54 | athalia.correction | WARNING | CORRECTION_FAILED | /var/folders/7j/xgp8mds53ms6blyzf8g4173m0000gn/T/tmpnzi8s68a/test_file.py | optimized_multi_pass
2025-07-29 20:45:55 | athalia.correction | INFO | CORRECTION | /var/folders/7j/xgp8mds53ms6blyzf8g4173m0000gn/T/tmpevjpg5rz/invalid_file.py | optimized_multi_pass | False | 0.00s
2025-07-29 20:45:55 | athalia.correction | WARNING | CORRECTION_FAILED | /var/folders/7j/xgp8mds53ms6blyzf8g4173m0000gn/T/tmpevjpg5rz/invalid_file.py | optimized_multi_pass
2025-07-29 20:45:57 | athalia.correction | INFO | CORRECTION | /var/folders/7j/xgp8mds53ms6blyzf8g4173m0000gn/T/tmpifhybq9o/test_file.py | optimized_multi_pass | True | 0.00s
2025-07-29 20:45:57 | athalia.correction | INFO | CORRECTION | /var/folders/7j/xgp8mds53ms6blyzf8g4173m0000gn/T/tmpnowtz8fg/test_file.py | optimized_multi_pass | True | 0.00s
2025-07-29 20:45:58 | athalia.correction | INFO | CORRECTION | /var/folders/7j/xgp8mds53ms6blyzf8g4173m0000gn/T/tmpox1673wz/test_file.py | optimized_multi_pass | True | 0.00s
2025-07-29 20:46:02 | athalia.correction | INFO | CORRECTION | /var/folders/7j/xgp8mds53ms6blyzf8g4173m0000gn/T/tmp_503u_7g/valid_file.py | optimized_multi_pass | False | 0.00s
2025-07-29 20:46:02 | athalia.correction | WARNING | CORRECTION_FAILED | /var/folders/7j/xgp8mds53ms6blyzf8g4173m0000gn/T/tmp_503u_7g/valid_file.py | optimized_multi_pass
2025-07-29 20:46:02 | athalia.correction | INFO | CORRECTION | /var/folders/7j/xgp8mds53ms6blyzf8g4173m0000gn/T/tmp_503u_7g/invalid_file.py | optimized_multi_pass | False | 0.00s
2025-07-29 20:46:02 | athalia.correction | WARNING | CORRECTION_FAILED | /var/folders/7j/xgp8mds53ms6blyzf8g4173m0000gn/T/tmp_503u_7g/invalid_file.py | optimized_multi_pass
2025-07-29 20:46:04 | athalia.correction | INFO | CORRECTION | /var/folders/7j/xgp8mds53ms6blyzf8g4173m0000gn/T/tmplfhvcpki/test_file.py | optimized_multi_pass | True | 0.00s
2025-07-29 20:46:17 | athalia.correction | INFO | CORRECTION | /var/folders/7j/xgp8mds53ms6blyzf8g4173m0000gn/T/tmp02xlnd1l/complex_file.py | optimized_multi_pass | False | 0.00s
2025-07-29 20:46:17 | athalia.correction | WARNING | CORRECTION_FAILED | /var/folders/7j/xgp8mds53ms6blyzf8g4173m0000gn/T/tmp02xlnd1l/complex_file.py | optimized_multi_pass
2025-07-29 20:46:17 | athalia.correction | INFO | CORRECTION | /var/folders/7j/xgp8mds53ms6blyzf8g4173m0000gn/T/tmpovl69v2u/invalid_file.py | optimized_multi_pass | False | 0.00s
2025-07-29 20:46:17 | athalia.correction | WARNING | CORRECTION_FAILED | /var/folders/7j/xgp8mds53ms6blyzf8g4173m0000gn/T/tmpovl69v2u/invalid_file.py | optimized_multi_pass
2025-07-29 20:46:17 | athalia.correction | INFO | CORRECTION | /invalid/path | optimized_multi_pass | False | 0.00s
2025-07-29 20:46:17 | athalia.correction | WARNING | CORRECTION_FAILED | /invalid/path | optimized_multi_pass
